[2025-12-04 20:07:30] Linear SVM Accuracy Report Classification Report:
              precision    recall  f1-score   support

           0       0.78      0.75      0.76    199581
           4       0.76      0.78      0.77    200419

    accuracy                           0.77    400000
   macro avg       0.77      0.77      0.77    400000
weighted avg       0.77      0.77      0.77    400000

==================================================
[2025-12-04 20:11:24] Logistic Regerssion Accuracy Report Classification Report:
              precision    recall  f1-score   support

           0       0.79      0.75      0.77    199581
           4       0.76      0.80      0.78    200419

    accuracy                           0.78    400000
   macro avg       0.78      0.78      0.78    400000
weighted avg       0.78      0.78      0.78    400000

==================================================
[2025-12-04 20:12:04] Naive Bayes Accuracy Score Classification Report:
              precision    recall  f1-score   support

           0       0.75      0.78      0.76    199581
           4       0.77      0.74      0.76    200419

    accuracy                           0.76    400000
   macro avg       0.76      0.76      0.76    400000
weighted avg       0.76      0.76      0.76    400000

==================================================
